<?xml version="1.0" encoding="UTF-8"?>
<!-- Generated by org.testng.reporters.JUnitReportReporter -->
<testsuite hostname="LAPTOP-GNM6GJCG" failures="0" tests="1" name="com.simplilearn.Phase4Project.AddToCart" time="153.005" errors="0" timestamp="2022-08-11T10:23:04 ICT" skipped="0">
  <testcase classname="com.simplilearn.Phase4Project.AddToCart" name="testLaptop" time="153.005"/>
</testsuite> <!-- com.simplilearn.Phase4Project.AddToCart -->
